<?xml version="1.0" encoding="UTF-8"?>
<testsuite name="com.array.practice.RemoveDuplicationTest" tests="1" skipped="0" failures="0" errors="0" timestamp="2019-07-29T06:09:55" hostname="Rishi-PC" time="0.006">
  <properties/>
  <testcase name="testRemoveDuplicationFromSortedArray" classname="com.array.practice.RemoveDuplicationTest" time="0.006"/>
  <system-out><![CDATA[]]></system-out>
  <system-err><![CDATA[]]></system-err>
</testsuite>
